TN:
SF:/home/torto/projects/easy-compare/lib/compare.js
FN:16,isEqual
FN:20,isNotEqual
FN:24,isGreaterThan
FN:28,isGreaterThanOrEqual
FN:32,isLessThan
FN:36,isLessThanOrEqual
FN:40,checkOperatorsAndExecute
FN:52,interatorValues
FN:59,checkOperator
FN:67,compare
FNF:10
FNH:10
FNDA:41,isEqual
FNDA:9,isNotEqual
FNDA:21,isGreaterThan
FNDA:13,isGreaterThanOrEqual
FNDA:20,isLessThan
FNDA:29,isLessThanOrEqual
FNDA:100,checkOperatorsAndExecute
FNDA:87,interatorValues
FNDA:31,checkOperator
FNDA:36,compare
DA:3,1
DA:14,1
DA:17,41
DA:21,9
DA:25,21
DA:29,13
DA:33,20
DA:37,29
DA:41,100
DA:42,100
DA:44,2
DA:45,1
DA:48,1
DA:53,87
DA:54,2
DA:56,85
DA:60,31
DA:61,31
DA:62,15
DA:64,16
DA:68,36
DA:69,35
DA:70,35
DA:73,1
LF:24
LH:24
BRDA:44,0,0,1
BRDA:44,0,1,1
BRDA:53,1,0,2
BRDA:53,1,1,85
BRDA:61,2,0,15
BRDA:61,2,1,16
BRDA:68,3,0,1
BRDA:68,3,1,35
BRF:8
BRH:8
end_of_record
